This is XeTeX, Version 3.141592653-2.6-0.999993 (TeX Live 2021/W32TeX) (preloaded format=xelatex 2021.7.6)  18 JUL 2021 09:07
entering extended mode
 restricted \write18 enabled.
 %&-line parsing enabled.
**C:/R/Repositories/moneos/010_inleiding/output/010_Inleiding.tex
(c:/R/Repositories/moneos/010_inleiding/output/010_Inleiding.tex
LaTeX2e <2021-06-01> patch level 1
L3 programming layer <2021-06-18>
(c:/Users/gunther_vanryckegem/AppData/Roaming/TinyTeX/texmf-dist/tex/latex/exts
izes/extreport.cls
Document Class: extreport 1996/10/08 v1.0 Non Standard LaTeX document class

(c:/Users/gunther_vanryckegem/AppData/Roaming/TinyTeX/texmf-dist/tex/latex/base
/size10.clo
File: size10.clo 2021/02/12 v1.4n Standard LaTeX file (size option)
)
(c:/Users/gunther_vanryckegem/AppData/Roaming/TinyTeX/texmf-dist/tex/latex/base
/exscale.sty
Package: exscale 2018/09/24 v2.1i Standard LaTeX package exscale
LaTeX Font Info:    Redeclaring symbol font `largesymbols' on input line 57.
LaTeX Font Info:    Overwriting symbol font `largesymbols' in version `normal'
(Font)                  OMX/cmex/m/n --> OMX/cmex/m/n on input line 57.
LaTeX Font Info:    Overwriting symbol font `largesymbols' in version `bold'
(Font)                  OMX/cmex/m/n --> OMX/cmex/m/n on input line 57.
\big@size=\dimen138
)
\c@part=\count178
\c@chapter=\count179
\c@section=\count180
\c@subsection=\count181
\c@subsubsection=\count182
\c@paragraph=\count183
\c@subparagraph=\count184
\c@figure=\count185
\c@table=\count186
\abovecaptionskip=\skip47
\belowcaptionskip=\skip48
\bibindent=\dimen139
) (c:/R/library/INBOmd/local_tex/tex/latex/inborapport_2015/inbo_report.sty
Package: inbo_report 

(c:/R/library/INBOmd/local_tex/tex/latex/inborapport_2015/flanders_report_gener
ic.sty
Package: flanders_report_generic 
(c:/R/library/INBOmd/local_tex/tex/latex/inboimage_2015/inboimage_2015.sty
Package: inboimage_2015 
)
(c:/Users/gunther_vanryckegem/AppData/Roaming/TinyTeX/texmf-dist/tex/latex/grap
hics/graphicx.sty
Package: graphicx 2020/12/05 v1.2c Enhanced LaTeX Graphics (DPC,SPQR)

(c:/Users/gunther_vanryckegem/AppData/Roaming/TinyTeX/texmf-dist/tex/latex/grap
hics/keyval.sty
Package: keyval 2014/10/28 v1.15 key=value parser (DPC)
\KV@toks@=\toks16
)
(c:/Users/gunther_vanryckegem/AppData/Roaming/TinyTeX/texmf-dist/tex/latex/grap
hics/graphics.sty
Package: graphics 2021/03/04 v1.4d Standard LaTeX Graphics (DPC,SPQR)

(c:/Users/gunther_vanryckegem/AppData/Roaming/TinyTeX/texmf-dist/tex/latex/grap
hics/trig.sty
Package: trig 2016/01/03 v1.10 sin cos tan (DPC)
)
(c:/Users/gunther_vanryckegem/AppData/Roaming/TinyTeX/texmf-dist/tex/latex/grap
hics-cfg/graphics.cfg
File: graphics.cfg 2016/06/04 v1.11 sample graphics configuration
)
Package graphics Info: Driver file: xetex.def on input line 107.

(c:/Users/gunther_vanryckegem/AppData/Roaming/TinyTeX/texmf-dist/tex/latex/grap
hics-def/xetex.def
File: xetex.def 2021/03/18 v5.0k Graphics/color driver for xetex
))
\Gin@req@height=\dimen140
\Gin@req@width=\dimen141
)
(c:/Users/gunther_vanryckegem/AppData/Roaming/TinyTeX/texmf-dist/tex/latex/kvop
tions/kvoptions.sty
Package: kvoptions 2020-10-07 v3.14 Key value format for package options (HO)

(c:/Users/gunther_vanryckegem/AppData/Roaming/TinyTeX/texmf-dist/tex/generic/lt
xcmds/ltxcmds.sty
Package: ltxcmds 2020-05-10 v1.25 LaTeX kernel commands for general use (HO)
)
(c:/Users/gunther_vanryckegem/AppData/Roaming/TinyTeX/texmf-dist/tex/generic/kv
setkeys/kvsetkeys.sty
Package: kvsetkeys 2019/12/15 v1.18 Key value parser (HO)
))
(c:/Users/gunther_vanryckegem/AppData/Roaming/TinyTeX/texmf-dist/tex/latex/date
time/datetime.sty
Package: datetime 2015/03/20 v2.60 Date Time Package

(c:/Users/gunther_vanryckegem/AppData/Roaming/TinyTeX/texmf-dist/tex/latex/etoo
lbox/etoolbox.sty
Package: etoolbox 2020/10/05 v2.5k e-TeX tools for LaTeX (JAW)
\etb@tempcnta=\count187
)
(c:/Users/gunther_vanryckegem/AppData/Roaming/TinyTeX/texmf-dist/tex/latex/fmtc
ount/fmtcount.sty
Invalid UTF-8 byte or sequence at line 10 replaced by U+FFFD.
Invalid UTF-8 byte or sequence at line 22 replaced by U+FFFD.
Package: fmtcount 2020/01/30 v3.07

(c:/Users/gunther_vanryckegem/AppData/Roaming/TinyTeX/texmf-dist/tex/latex/base
/ifthen.sty
Package: ifthen 2020/11/24 v1.1c Standard LaTeX ifthen package (DPC)
)
(c:/Users/gunther_vanryckegem/AppData/Roaming/TinyTeX/texmf-dist/tex/latex/xkey
val/xkeyval.sty
Package: xkeyval 2020/11/20 v2.8 package option processing (HA)

(c:/Users/gunther_vanryckegem/AppData/Roaming/TinyTeX/texmf-dist/tex/generic/xk
eyval/xkeyval.tex
(c:/Users/gunther_vanryckegem/AppData/Roaming/TinyTeX/texmf-dist/tex/generic/xk
eyval/xkvutils.tex
\XKV@toks=\toks17
\XKV@tempa@toks=\toks18
)
\XKV@depth=\count188
File: xkeyval.tex 2014/12/03 v2.7a key=value parser (HA)
))
(c:/Users/gunther_vanryckegem/AppData/Roaming/TinyTeX/texmf-dist/tex/latex/fmtc
ount/fcprefix.sty
Invalid UTF-8 byte or sequence at line 10 replaced by U+FFFD.
Invalid UTF-8 byte or sequence at line 22 replaced by U+FFFD.
Package: fcprefix 2012/09/28

(c:/Users/gunther_vanryckegem/AppData/Roaming/TinyTeX/texmf-dist/tex/latex/fmtc
ount/fcnumparser.sty
Invalid UTF-8 byte or sequence at line 10 replaced by U+FFFD.
Invalid UTF-8 byte or sequence at line 22 replaced by U+FFFD.
Package: fcnumparser 2017/06/15
\fc@digit@counter=\count189
))
(c:/Users/gunther_vanryckegem/AppData/Roaming/TinyTeX/texmf-dist/tex/latex/amsm
ath/amsgen.sty
File: amsgen.sty 1999/11/30 v2.0 generic functions
\@emptytoks=\toks19
\ex@=\dimen142
)
\c@padzeroesN=\count190
\fc@tmpcatcode=\count191
\@DT@modctr=\count192
\@ordinalctr=\count193
\@orgargctr=\count194
\@strctr=\count195
\@tmpstrctr=\count196
\@DT@loopN=\count197
\@DT@X=\count198
)
(c:/Users/gunther_vanryckegem/AppData/Roaming/TinyTeX/texmf-dist/tex/latex/date
time/datetime-defaults.sty
Package: datetime-defaults 2013/09/10
)
\@day=\count199
\@month=\count266
\@year=\count267
\c@HOUR=\count268
\c@HOURXII=\count269
\c@MINUTE=\count270
\c@TOHOUR=\count271
\c@TOMINUTE=\count272
\c@SECOND=\count273
\currenthour=\count274
\currentminute=\count275
\currentsecond=\count276
Package datetime Info: No datetime.cfg file found, using default settings on in
put line 308.
\@dtctr=\count277
\dayofyear=\count278
\dayofweek=\count279
LaTeX Info: Redefining \today on input line 736.
\dt@a=\toks20
\dt@b=\toks21
)
(c:/Users/gunther_vanryckegem/AppData/Roaming/TinyTeX/texmf-dist/tex/latex/geom
etry/geometry.sty
Package: geometry 2020/01/02 v5.9 Page Geometry

(c:/Users/gunther_vanryckegem/AppData/Roaming/TinyTeX/texmf-dist/tex/generic/if
tex/ifvtex.sty
Package: ifvtex 2019/10/25 v1.7 ifvtex legacy package. Use iftex instead.

(c:/Users/gunther_vanryckegem/AppData/Roaming/TinyTeX/texmf-dist/tex/generic/if
tex/iftex.sty
Package: iftex 2020/03/06 v1.0d TeX engine tests
))
\Gm@cnth=\count280
\Gm@cntv=\count281
\c@Gm@tempcnt=\count282
\Gm@bindingoffset=\dimen143
\Gm@wd@mp=\dimen144
\Gm@odd@mp=\dimen145
\Gm@even@mp=\dimen146
\Gm@layoutwidth=\dimen147
\Gm@layoutheight=\dimen148
\Gm@layouthoffset=\dimen149
\Gm@layoutvoffset=\dimen150
\Gm@dimlist=\toks22
)
(c:/Users/gunther_vanryckegem/AppData/Roaming/TinyTeX/texmf-dist/tex/latex/url/
url.sty
\Urlmuskip=\muskip16
Package: url 2013/09/16  ver 3.4  Verb mode for urls, etc.
)
(c:/Users/gunther_vanryckegem/AppData/Roaming/TinyTeX/texmf-dist/tex/latex/hype
rref/hyperref.sty
Package: hyperref 2021-06-07 v7.00m Hypertext links for LaTeX

(c:/Users/gunther_vanryckegem/AppData/Roaming/TinyTeX/texmf-dist/tex/generic/pd
ftexcmds/pdftexcmds.sty
Package: pdftexcmds 2020-06-27 v0.33 Utility functions of pdfTeX for LuaTeX (HO
)

(c:/Users/gunther_vanryckegem/AppData/Roaming/TinyTeX/texmf-dist/tex/generic/in
fwarerr/infwarerr.sty
Package: infwarerr 2019/12/03 v1.5 Providing info/warning/error messages (HO)
)
Package pdftexcmds Info: \pdf@primitive is available.
Package pdftexcmds Info: \pdf@ifprimitive is available.
Package pdftexcmds Info: \pdfdraftmode not found.
)
(c:/Users/gunther_vanryckegem/AppData/Roaming/TinyTeX/texmf-dist/tex/generic/kv
definekeys/kvdefinekeys.sty
Package: kvdefinekeys 2019-12-19 v1.6 Define keys (HO)
)
(c:/Users/gunther_vanryckegem/AppData/Roaming/TinyTeX/texmf-dist/tex/generic/pd
fescape/pdfescape.sty
Package: pdfescape 2019/12/09 v1.15 Implements pdfTeX's escape features (HO)
)
(c:/Users/gunther_vanryckegem/AppData/Roaming/TinyTeX/texmf-dist/tex/latex/hyco
lor/hycolor.sty
Package: hycolor 2020-01-27 v1.10 Color options for hyperref/bookmark (HO)
)
(c:/Users/gunther_vanryckegem/AppData/Roaming/TinyTeX/texmf-dist/tex/latex/letl
txmacro/letltxmacro.sty
Package: letltxmacro 2019/12/03 v1.6 Let assignment for LaTeX macros (HO)
)
(c:/Users/gunther_vanryckegem/AppData/Roaming/TinyTeX/texmf-dist/tex/latex/auxh
ook/auxhook.sty
Package: auxhook 2019-12-17 v1.6 Hooks for auxiliary files (HO)
)
\@linkdim=\dimen151
\Hy@linkcounter=\count283
\Hy@pagecounter=\count284

(c:/Users/gunther_vanryckegem/AppData/Roaming/TinyTeX/texmf-dist/tex/latex/hype
rref/pd1enc.def
File: pd1enc.def 2021-06-07 v7.00m Hyperref: PDFDocEncoding definition (HO)
)
(c:/Users/gunther_vanryckegem/AppData/Roaming/TinyTeX/texmf-dist/tex/latex/hype
rref/hyperref-langpatches.def
File: hyperref-langpatches.def 2021-06-07 v7.00m Hyperref: patches for babel la
nguages
)
(c:/Users/gunther_vanryckegem/AppData/Roaming/TinyTeX/texmf-dist/tex/generic/in
tcalc/intcalc.sty
Package: intcalc 2019/12/15 v1.3 Expandable calculations with integers (HO)
)
(c:/Users/gunther_vanryckegem/AppData/Roaming/TinyTeX/texmf-dist/tex/generic/et
excmds/etexcmds.sty
Package: etexcmds 2019/12/15 v1.7 Avoid name clashes with e-TeX commands (HO)
)
\Hy@SavedSpaceFactor=\count285

(c:/Users/gunther_vanryckegem/AppData/Roaming/TinyTeX/texmf-dist/tex/latex/hype
rref/puenc.def
File: puenc.def 2021-06-07 v7.00m Hyperref: PDF Unicode definition (HO)
)
Package hyperref Info: Option `unicode' set `true' on input line 4073.
Package hyperref Info: Option `colorlinks' set `true' on input line 4073.
Package hyperref Info: Hyper figures OFF on input line 4192.
Package hyperref Info: Link nesting OFF on input line 4197.
Package hyperref Info: Hyper index ON on input line 4200.
Package hyperref Info: Plain pages OFF on input line 4207.
Package hyperref Info: Backreferencing OFF on input line 4212.
Package hyperref Info: Implicit mode ON; LaTeX internals redefined.
Package hyperref Info: Bookmarks ON on input line 4445.
\c@Hy@tempcnt=\count286
LaTeX Info: Redefining \url on input line 4804.
\XeTeXLinkMargin=\dimen152

(c:/Users/gunther_vanryckegem/AppData/Roaming/TinyTeX/texmf-dist/tex/generic/bi
tset/bitset.sty
Package: bitset 2019/12/09 v1.3 Handle bit-vector datatype (HO)

(c:/Users/gunther_vanryckegem/AppData/Roaming/TinyTeX/texmf-dist/tex/generic/bi
gintcalc/bigintcalc.sty
Package: bigintcalc 2019/12/15 v1.5 Expandable calculations on big integers (HO
)
))
\Fld@menulength=\count287
\Field@Width=\dimen153
\Fld@charsize=\dimen154
Package hyperref Info: Hyper figures OFF on input line 6076.
Package hyperref Info: Link nesting OFF on input line 6081.
Package hyperref Info: Hyper index ON on input line 6084.
Package hyperref Info: backreferencing OFF on input line 6091.
Package hyperref Info: Link coloring ON on input line 6094.
Package hyperref Info: Link coloring with OCG OFF on input line 6101.
Package hyperref Info: PDF/A mode OFF on input line 6106.
LaTeX Info: Redefining \ref on input line 6146.
LaTeX Info: Redefining \pageref on input line 6150.

(c:/Users/gunther_vanryckegem/AppData/Roaming/TinyTeX/texmf-dist/tex/latex/base
/atbegshi-ltx.sty
Package: atbegshi-ltx 2021/01/10 v1.0c Emulation of the original atbegshi
package with kernel methods
)
\Hy@abspage=\count288
\c@Item=\count289
\c@Hfootnote=\count290
)
Package hyperref Info: Driver (autodetected): hxetex.

(c:/Users/gunther_vanryckegem/AppData/Roaming/TinyTeX/texmf-dist/tex/latex/hype
rref/hxetex.def
File: hxetex.def 2021-06-07 v7.00m Hyperref driver for XeTeX

(c:/Users/gunther_vanryckegem/AppData/Roaming/TinyTeX/texmf-dist/tex/generic/st
ringenc/stringenc.sty
Package: stringenc 2019/11/29 v1.12 Convert strings between diff. encodings (HO
)
)
\pdfm@box=\box50
\c@Hy@AnnotLevel=\count291
\HyField@AnnotCount=\count292
\Fld@listcount=\count293
\c@bookmark@seq@number=\count294

(c:/Users/gunther_vanryckegem/AppData/Roaming/TinyTeX/texmf-dist/tex/latex/reru
nfilecheck/rerunfilecheck.sty
Package: rerunfilecheck 2019/12/05 v1.9 Rerun checks for auxiliary files (HO)

(c:/Users/gunther_vanryckegem/AppData/Roaming/TinyTeX/texmf-dist/tex/latex/base
/atveryend-ltx.sty
Package: atveryend-ltx 2020/08/19 v1.0a Emulation of the original atvery packag
e
with kernel methods
)
(c:/Users/gunther_vanryckegem/AppData/Roaming/TinyTeX/texmf-dist/tex/generic/un
iquecounter/uniquecounter.sty
Package: uniquecounter 2019/12/15 v1.4 Provide unlimited unique counter (HO)
)
Package uniquecounter Info: New unique counter `rerunfilecheck' on input line 2
86.
)
\Hy@SectionHShift=\skip49
)
(c:/Users/gunther_vanryckegem/AppData/Roaming/TinyTeX/texmf-dist/tex/latex/mult
irow/multirow.sty
Package: multirow 2021/03/15 v2.8 Span multiple rows of a table
\multirow@colwidth=\skip50
\multirow@cntb=\count295
\multirow@dima=\skip51
\bigstrutjot=\dimen155
)
(c:/Users/gunther_vanryckegem/AppData/Roaming/TinyTeX/texmf-dist/tex/latex/grap
hics/lscape.sty
Package: lscape 2020/05/28 v3.02 Landscape Pages (DPC)
)
(c:/Users/gunther_vanryckegem/AppData/Roaming/TinyTeX/texmf-dist/tex/latex/mdfr
amed/mdframed.sty
Package: mdframed 2013/07/01 1.9b: mdframed

(c:/Users/gunther_vanryckegem/AppData/Roaming/TinyTeX/texmf-dist/tex/latex/l3pa
ckages/xparse/xparse.sty
(c:/Users/gunther_vanryckegem/AppData/Roaming/TinyTeX/texmf-dist/tex/latex/l3ke
rnel/expl3.sty
Package: expl3 2021-06-18 L3 programming layer (loader) 

(c:/Users/gunther_vanryckegem/AppData/Roaming/TinyTeX/texmf-dist/tex/latex/l3ba
ckend/l3backend-xetex.def
File: l3backend-xetex.def 2021-05-07 L3 backend support: XeTeX
(|extractbb --version)
\c__kernel_sys_dvipdfmx_version_int=\count296
\l__color_backend_stack_int=\count297
\g__color_backend_stack_int=\count298
\g__graphics_track_int=\count299
\l__pdf_internal_box=\box51
\g__pdf_backend_object_int=\count300
\g__pdf_backend_annotation_int=\count301
\g__pdf_backend_link_int=\count302
))
Package: xparse 2021-06-18 L3 Experimental document command parser
)
(c:/Users/gunther_vanryckegem/AppData/Roaming/TinyTeX/texmf-dist/tex/latex/zref
/zref-abspage.sty
Package: zref-abspage 2020-07-03 v2.32 Module abspage for zref (HO)

(c:/Users/gunther_vanryckegem/AppData/Roaming/TinyTeX/texmf-dist/tex/latex/zref
/zref-base.sty
Package: zref-base 2020-07-03 v2.32 Module base for zref (HO)
Package zref Info: New property list: main on input line 764.
Package zref Info: New property: default on input line 765.
Package zref Info: New property: page on input line 766.
)
\c@abspage=\count303
Package zref Info: New property: abspage on input line 66.
)
(c:/Users/gunther_vanryckegem/AppData/Roaming/TinyTeX/texmf-dist/tex/latex/need
space/needspace.sty
Package: needspace 2010/09/12 v1.3d reserve vertical space
)
(c:/Users/gunther_vanryckegem/AppData/Roaming/TinyTeX/texmf-dist/tex/latex/grap
hics/color.sty
Package: color 2020/02/24 v1.2b Standard LaTeX Color (DPC)

(c:/Users/gunther_vanryckegem/AppData/Roaming/TinyTeX/texmf-dist/tex/latex/grap
hics-cfg/color.cfg
File: color.cfg 2016/01/02 v1.6 sample color configuration
)
Package color Info: Driver file: xetex.def on input line 149.
)
\mdf@templength=\skip52
\c@mdf@globalstyle@cnt=\count304
\mdf@skipabove@length=\skip53
\mdf@skipbelow@length=\skip54
\mdf@leftmargin@length=\skip55
\mdf@rightmargin@length=\skip56
\mdf@innerleftmargin@length=\skip57
\mdf@innerrightmargin@length=\skip58
\mdf@innertopmargin@length=\skip59
\mdf@innerbottommargin@length=\skip60
\mdf@splittopskip@length=\skip61
\mdf@splitbottomskip@length=\skip62
\mdf@outermargin@length=\skip63
\mdf@innermargin@length=\skip64
\mdf@linewidth@length=\skip65
\mdf@innerlinewidth@length=\skip66
\mdf@middlelinewidth@length=\skip67
\mdf@outerlinewidth@length=\skip68
\mdf@roundcorner@length=\skip69
\mdf@footenotedistance@length=\skip70
\mdf@userdefinedwidth@length=\skip71
\mdf@needspace@length=\skip72
\mdf@frametitleaboveskip@length=\skip73
\mdf@frametitlebelowskip@length=\skip74
\mdf@frametitlerulewidth@length=\skip75
\mdf@frametitleleftmargin@length=\skip76
\mdf@frametitlerightmargin@length=\skip77
\mdf@shadowsize@length=\skip78
\mdf@extratopheight@length=\skip79
\mdf@subtitleabovelinewidth@length=\skip80
\mdf@subtitlebelowlinewidth@length=\skip81
\mdf@subtitleaboveskip@length=\skip82
\mdf@subtitlebelowskip@length=\skip83
\mdf@subtitleinneraboveskip@length=\skip84
\mdf@subtitleinnerbelowskip@length=\skip85
\mdf@subsubtitleabovelinewidth@length=\skip86
\mdf@subsubtitlebelowlinewidth@length=\skip87
\mdf@subsubtitleaboveskip@length=\skip88
\mdf@subsubtitlebelowskip@length=\skip89
\mdf@subsubtitleinneraboveskip@length=\skip90
\mdf@subsubtitleinnerbelowskip@length=\skip91

(c:/Users/gunther_vanryckegem/AppData/Roaming/TinyTeX/texmf-dist/tex/latex/mdfr
amed/md-frame-0.mdf
File: md-frame-0.mdf 2013/07/01\ 1.9b: md-frame-0
)
\mdf@frametitlebox=\box52
\mdf@footnotebox=\box53
\mdf@splitbox@one=\box54
\mdf@splitbox@two=\box55
\mdf@splitbox@save=\box56
\mdfsplitboxwidth=\skip92
\mdfsplitboxtotalwidth=\skip93
\mdfsplitboxheight=\skip94
\mdfsplitboxdepth=\skip95
\mdfsplitboxtotalheight=\skip96
\mdfframetitleboxwidth=\skip97
\mdfframetitleboxtotalwidth=\skip98
\mdfframetitleboxheight=\skip99
\mdfframetitleboxdepth=\skip100
\mdfframetitleboxtotalheight=\skip101
\mdffootnoteboxwidth=\skip102
\mdffootnoteboxtotalwidth=\skip103
\mdffootnoteboxheight=\skip104
\mdffootnoteboxdepth=\skip105
\mdffootnoteboxtotalheight=\skip106
\mdftotallinewidth=\skip107
\mdfboundingboxwidth=\skip108
\mdfboundingboxtotalwidth=\skip109
\mdfboundingboxheight=\skip110
\mdfboundingboxdepth=\skip111
\mdfboundingboxtotalheight=\skip112
\mdf@freevspace@length=\skip113
\mdf@horizontalwidthofbox@length=\skip114
\mdf@verticalmarginwhole@length=\skip115
\mdf@horizontalspaceofbox=\skip116
\mdfsubtitleheight=\skip117
\mdfsubsubtitleheight=\skip118
\c@mdfcountframes=\count305

****** mdframed patching \endmdf@trivlist

****** -- success******

\mdf@envdepth=\count306
\c@mdf@env@i=\count307
\c@mdf@env@ii=\count308
\c@mdf@zref@counter=\count309
Package zref Info: New property: mdf@pagevalue on input line 895.
)
(c:/Users/gunther_vanryckegem/AppData/Roaming/TinyTeX/texmf-dist/tex/latex/marg
innote/marginnote.sty
Package: marginnote 2018/08/09 v1.4b non floating margin notes for LaTeX
\c@mn@abspage=\count310
)
(c:/Users/gunther_vanryckegem/AppData/Roaming/TinyTeX/texmf-dist/tex/generic/if
tex/ifxetex.sty
Package: ifxetex 2019/10/25 v0.7 ifxetex legacy package. Use iftex instead.
)
(c:/Users/gunther_vanryckegem/AppData/Roaming/TinyTeX/texmf-dist/tex/latex/font
spec/fontspec.sty
Package: fontspec 2020/02/21 v2.7i Font selection for XeLaTeX and LuaLaTeX

(c:/Users/gunther_vanryckegem/AppData/Roaming/TinyTeX/texmf-dist/tex/latex/font
spec/fontspec-xetex.sty
Package: fontspec-xetex 2020/02/21 v2.7i Font selection for XeLaTeX and LuaLaTe
X
\l__fontspec_script_int=\count311
\l__fontspec_language_int=\count312
\l__fontspec_strnum_int=\count313
\l__fontspec_tmp_int=\count314
\l__fontspec_tmpa_int=\count315
\l__fontspec_tmpb_int=\count316
\l__fontspec_tmpc_int=\count317
\l__fontspec_em_int=\count318
\l__fontspec_emdef_int=\count319
\l__fontspec_strong_int=\count320
\l__fontspec_strongdef_int=\count321
\l__fontspec_tmpa_dim=\dimen156
\l__fontspec_tmpb_dim=\dimen157
\l__fontspec_tmpc_dim=\dimen158

(c:/Users/gunther_vanryckegem/AppData/Roaming/TinyTeX/texmf-dist/tex/latex/base
/fontenc.sty
Package: fontenc 2021/04/29 v2.0v Standard LaTeX package
)
(c:/Users/gunther_vanryckegem/AppData/Roaming/TinyTeX/texmf-dist/tex/latex/font
spec/fontspec.cfg)))

Package fontspec Info: Font family 'FlandersArtSans-Regular.otf(0)' created
(fontspec)             for font 'FlandersArtSans-Regular.otf' with options
(fontspec)             [Ligatures=TeX,Ligatures = TeX,ItalicFont =
(fontspec)             FlandersArtSans-Italic,BoldFont =
(fontspec)             FlandersArtSans-Bold,BoldItalicFont =
(fontspec)             FlandersArtSans-BoldItalic].
(fontspec)              
(fontspec)              This font family consists of the following NFSS
(fontspec)             series/shapes:
(fontspec)              
(fontspec)             - 'normal' (m/n) with NFSS spec.:
(fontspec)             <->"[FlandersArtSans-Regular.otf]/OT:script=latn;languag
e=dflt;mapping=tex-text;"
(fontspec)             - 'small caps'  (m/sc) with NFSS spec.: 
(fontspec)             - 'bold' (b/n) with NFSS spec.:
(fontspec)             <->"[FlandersArtSans-Bold.otf]/OT:script=latn;language=d
flt;mapping=tex-text;"
(fontspec)             - 'bold small caps'  (b/sc) with NFSS spec.: 
(fontspec)             - 'italic' (m/it) with NFSS spec.:
(fontspec)             <->"[FlandersArtSans-Italic.otf]/OT:script=latn;language
=dflt;mapping=tex-text;"
(fontspec)             - 'italic small caps'  (m/scit) with NFSS spec.: 
(fontspec)             - 'bold italic' (b/it) with NFSS spec.:
(fontspec)             <->"[FlandersArtSans-BoldItalic.otf]/OT:script=latn;lang
uage=dflt;mapping=tex-text;"
(fontspec)             - 'bold italic small caps'  (b/scit) with NFSS spec.: 


(c:/Users/gunther_vanryckegem/AppData/Roaming/TinyTeX/texmf-dist/tex/latex/inco
nsolata/inconsolata.fontspec)

Package fontspec Info: Font family 'inconsolata(0)' created for font
(fontspec)             'inconsolata' with options
(fontspec)             [WordSpace={1,0,0},HyphenChar=None,PunctuationSpace=Word
Space,Extension
(fontspec)             = .otf,UprightFont = Inconsolatazi4-Regular,BoldFont =
(fontspec)             Inconsolatazi4-Bold,Mapping=tex-ansi].
(fontspec)              
(fontspec)              This font family consists of the following NFSS
(fontspec)             series/shapes:
(fontspec)              
(fontspec)             - 'normal' (m/n) with NFSS spec.:
(fontspec)             <->"[Inconsolatazi4-Regular.otf]/OT:script=latn;language
=dflt;mapping=tex-ansi;"
(fontspec)             - 'small caps'  (m/sc) with NFSS spec.: 
(fontspec)             and font adjustment code:
(fontspec)             \fontdimen 2\font =1\fontdimen 2\font \fontdimen 3\font
(fontspec)             =0\fontdimen 3\font \fontdimen 4\font =0\fontdimen
(fontspec)             4\font \fontdimen 7\font =0\fontdimen 2\font
(fontspec)             \tex_hyphenchar:D \font =-1\scan_stop: 
(fontspec)             - 'bold' (b/n) with NFSS spec.:
(fontspec)             <->"[Inconsolatazi4-Bold.otf]/OT:script=latn;language=df
lt;mapping=tex-ansi;"
(fontspec)             - 'bold small caps'  (b/sc) with NFSS spec.: 
(fontspec)             and font adjustment code:
(fontspec)             \fontdimen 2\font =1\fontdimen 2\font \fontdimen 3\font
(fontspec)             =0\fontdimen 3\font \fontdimen 4\font =0\fontdimen
(fontspec)             4\font \fontdimen 7\font =0\fontdimen 2\font
(fontspec)             \tex_hyphenchar:D \font =-1\scan_stop: 


(c:/Users/gunther_vanryckegem/AppData/Roaming/TinyTeX/texmf-dist/tex/latex/tool
s/calc.sty
Package: calc 2017/05/25 v4.3 Infix arithmetic (KKT,FJ)
\calc@Acount=\count322
\calc@Bcount=\count323
\calc@Adimen=\dimen159
\calc@Bdimen=\dimen160
\calc@Askip=\skip119
\calc@Bskip=\skip120
LaTeX Info: Redefining \setlength on input line 80.
LaTeX Info: Redefining \addtolength on input line 81.
\calc@Ccount=\count324
\calc@Cskip=\skip121
)
\fontsizebase=\skip122
\fontsizepart=\skip123
\fontsizeintro=\skip124
\fontsizechapter=\skip125
\fontsizesection=\skip126
\fontsizesubsection=\skip127
\fontsizesubsubsection=\skip128
\fontsizeparagraph=\skip129
\fontsizesubparagraph=\skip130
\fontsizefooter=\skip131
\fontsizetitle=\skip132
\fontsizesubtitle=\skip133
\fontsizeauthor=\skip134
\fontsizeordernr=\skip135
\fontsizetoc=\skip136
\fontsizebaseinter=\skip137
\fontsizepartinter=\skip138
\fontsizeintrointer=\skip139
\fontsizechapterinter=\skip140
\fontsizesectioninter=\skip141
\fontsizesubsectioninter=\skip142
\fontsizesubsubsectioninter=\skip143
\fontsizeparagraphinter=\skip144
\fontsizesubparagraphinter=\skip145
\fontsizefooterinter=\skip146
\fontsizetitleinter=\skip147
\fontsizesubtitleinter=\skip148
\fontsizeauthorinter=\skip149
\fontsizeordernrinter=\skip150
\fontsizetocinter=\skip151

(c:/Users/gunther_vanryckegem/AppData/Roaming/TinyTeX/texmf-dist/tex/generic/ba
bel/babel.sty
Package: babel 2021/06/28 3.61 The Babel package

(c:/Users/gunther_vanryckegem/AppData/Roaming/TinyTeX/texmf-dist/tex/generic/ba
bel/babel.def
File: babel.def 2021/06/28 3.61 Babel common definitions
\babel@savecnt=\count325
\U@D=\dimen161
\l@unhyphenated=\language5

(c:/Users/gunther_vanryckegem/AppData/Roaming/TinyTeX/texmf-dist/tex/generic/ba
bel/xebabel.def
(c:/Users/gunther_vanryckegem/AppData/Roaming/TinyTeX/texmf-dist/tex/generic/ba
bel/txtbabel.def))
\bbl@readstream=\read2
)
\bbl@dirlevel=\count326

(c:/Users/gunther_vanryckegem/AppData/Roaming/TinyTeX/texmf-dist/tex/generic/ba
bel-french/french.ldf
Language: french 2020/10/10 v3.5l French support from the babel system
Package babel Info: Hyphen rules for 'acadian' set to \l@french
(babel)             (\language4). Reported on input line 91.
Package babel Info: Hyphen rules for 'canadien' set to \l@french
(babel)             (\language4). Reported on input line 92.
\FB@nonchar=\count327
Package french.ldf Info: No need for active punctuation characters
(french.ldf)             with this version of XeTeX!
(french.ldf)             reported on input line 332.
\FB@punctthick=\XeTeXcharclass1
\FB@punctthin=\XeTeXcharclass2
\FB@punctnul=\XeTeXcharclass3
\FB@guilo=\XeTeXcharclass4
\FB@guilf=\XeTeXcharclass5
\FB@guilnul=\XeTeXcharclass6
\FBguill@level=\count328
\FBold@everypar=\toks23
\FB@Mht=\dimen162
\mc@charclass=\count329
\mc@charfam=\count330
\mc@charslot=\count331
\std@mcc=\count332
\dec@mcc=\count333
\listindentFB=\dimen163
\descindentFB=\dimen164
\labelindentFB=\dimen165
\labelwidthFB=\dimen166
\leftmarginFB=\dimen167
\parindentFFN=\dimen168
\FBfnindent=\dimen169
)
(c:/Users/gunther_vanryckegem/AppData/Roaming/TinyTeX/texmf-dist/tex/generic/ba
bel-english/english.ldf
Language: english 2017/06/06 v3.3r English support from the babel system
Package babel Info: Hyphen rules for 'british' set to \l@english
(babel)             (\language0). Reported on input line 82.
Package babel Info: Hyphen rules for 'UKenglish' set to \l@english
(babel)             (\language0). Reported on input line 83.
Package babel Info: Hyphen rules for 'canadian' set to \l@english
(babel)             (\language0). Reported on input line 102.
Package babel Info: Hyphen rules for 'australian' set to \l@english
(babel)             (\language0). Reported on input line 105.
Package babel Info: Hyphen rules for 'newzealand' set to \l@english
(babel)             (\language0). Reported on input line 108.
)
(c:/Users/gunther_vanryckegem/AppData/Roaming/TinyTeX/texmf-dist/tex/generic/ba
bel-dutch/dutch.ldf
Language: dutch 2020/10/29 v3.8j Dutch support from the babel system
Package babel Info: Making " an active character on input line 127.
))
(c:/Users/gunther_vanryckegem/AppData/Roaming/TinyTeX/texmf-dist/tex/latex/carl
isle/scalefnt.sty) (c:/R/library/INBOmd/local_tex/tex/latex/inbogeneric_2015/in
bogeneric_2015.sty
Package: inbogeneric_2015 

(c:/Users/gunther_vanryckegem/AppData/Roaming/TinyTeX/texmf-dist/tex/latex/euro
sym/eurosym.sty
Package: eurosym 1998/08/06 v1.1 European currency symbol ``Euro''
\@eurobox=\box57
)
(c:/Users/gunther_vanryckegem/AppData/Roaming/TinyTeX/texmf-dist/tex/latex/amsm
ath/amsmath.sty
Package: amsmath 2021/04/20 v2.17j AMS math features
\@mathmargin=\skip152
For additional information on amsmath, use the `?' option.

(c:/Users/gunther_vanryckegem/AppData/Roaming/TinyTeX/texmf-dist/tex/latex/amsm
ath/amstext.sty
Package: amstext 2000/06/29 v2.01 AMS text
)
(c:/Users/gunther_vanryckegem/AppData/Roaming/TinyTeX/texmf-dist/tex/latex/amsm
ath/amsbsy.sty
Package: amsbsy 1999/11/29 v1.2d Bold Symbols
\pmbraise@=\dimen170
)
(c:/Users/gunther_vanryckegem/AppData/Roaming/TinyTeX/texmf-dist/tex/latex/amsm
ath/amsopn.sty
Package: amsopn 2016/03/08 v2.02 operator names
)
\inf@bad=\count334
LaTeX Info: Redefining \frac on input line 234.
\uproot@=\count335
\leftroot@=\count336
LaTeX Info: Redefining \overline on input line 399.
\classnum@=\count337
\DOTSCASE@=\count338
LaTeX Info: Redefining \ldots on input line 496.
LaTeX Info: Redefining \dots on input line 499.
LaTeX Info: Redefining \cdots on input line 620.
\Mathstrutbox@=\box58
\strutbox@=\box59
\big@size=\dimen171
LaTeX Font Info:    Redeclaring font encoding OML on input line 743.
LaTeX Font Info:    Redeclaring font encoding OMS on input line 744.
\macc@depth=\count339
\c@MaxMatrixCols=\count340
\dotsspace@=\muskip17
\c@parentequation=\count341
\dspbrk@lvl=\count342
\tag@help=\toks24
\row@=\count343
\column@=\count344
\maxfields@=\count345
\andhelp@=\toks25
\eqnshift@=\dimen172
\alignsep@=\dimen173
\tagshift@=\dimen174
\tagwidth@=\dimen175
\totwidth@=\dimen176
\lineht@=\dimen177
\@envbody=\toks26
\multlinegap=\skip153
\multlinetaggap=\skip154
\mathdisplay@stack=\toks27
LaTeX Info: Redefining \[ on input line 2923.
LaTeX Info: Redefining \] on input line 2924.
)
(c:/Users/gunther_vanryckegem/AppData/Roaming/TinyTeX/texmf-dist/tex/latex/natb
ib/natbib.sty
Package: natbib 2010/09/13 8.31b (PWD, AO)
\bibhang=\skip155
\bibsep=\skip156
LaTeX Info: Redefining \cite on input line 694.
\c@NAT@ctr=\count346
)
(c:/Users/gunther_vanryckegem/AppData/Roaming/TinyTeX/texmf-dist/tex/latex/book
tabs/booktabs.sty
Package: booktabs 2020/01/12 v1.61803398 Publication quality tables
\heavyrulewidth=\dimen178
\lightrulewidth=\dimen179
\cmidrulewidth=\dimen180
\belowrulesep=\dimen181
\belowbottomsep=\dimen182
\aboverulesep=\dimen183
\abovetopsep=\dimen184
\cmidrulesep=\dimen185
\cmidrulekern=\dimen186
\defaultaddspace=\dimen187
\@cmidla=\count347
\@cmidlb=\count348
\@aboverulesep=\dimen188
\@belowrulesep=\dimen189
\@thisruleclass=\count349
\@lastruleclass=\count350
\@thisrulewidth=\dimen190
)
(c:/Users/gunther_vanryckegem/AppData/Roaming/TinyTeX/texmf-dist/tex/latex/upqu
ote/upquote.sty
Package: upquote 2012/04/19 v1.3 upright-quote and grave-accent glyphs in verba
tim

(c:/Users/gunther_vanryckegem/AppData/Roaming/TinyTeX/texmf-dist/tex/latex/base
/textcomp.sty
Package: textcomp 2020/02/02 v2.0n Standard LaTeX package
))
(c:/Users/gunther_vanryckegem/AppData/Roaming/TinyTeX/texmf-dist/tex/latex/tool
s/longtable.sty
Package: longtable 2021-05-07 v4.16 Multi-page Table package (DPC)
\LTleft=\skip157
\LTright=\skip158
\LTpre=\skip159
\LTpost=\skip160
\LTchunksize=\count351
\LTcapwidth=\dimen191
\LT@head=\box60
\LT@firsthead=\box61
\LT@foot=\box62
\LT@lastfoot=\box63
\LT@gbox=\box64
\LT@cols=\count352
\LT@rows=\count353
\c@LT@tables=\count354
\c@LT@chunks=\count355
\LT@p@ftn=\toks28
)
(c:/Users/gunther_vanryckegem/AppData/Roaming/TinyTeX/texmf-dist/tex/latex/fanc
yvrb/fancyvrb.sty
Package: fancyvrb 2021/01/20 v3.7 verbatim text (tvz,hv)
\FV@CodeLineNo=\count356
\FV@InFile=\read3
\FV@TabBox=\box65
\c@FancyVerbLine=\count357
\FV@StepNumber=\count358
\FV@OutFile=\write3
)
(c:/Users/gunther_vanryckegem/AppData/Roaming/TinyTeX/texmf-dist/tex/latex/fram
ed/framed.sty
Package: framed 2011/10/22 v 0.96: framed or shaded text with page breaks
\OuterFrameSep=\skip161
\fb@frw=\dimen192
\fb@frh=\dimen193
\FrameRule=\dimen194
\FrameSep=\dimen195
)
(c:/Users/gunther_vanryckegem/AppData/Roaming/TinyTeX/texmf-dist/tex/latex/tool
s/array.sty
Package: array 2021/04/20 v2.5e Tabular extension package (FMi)
\col@sep=\dimen196
\ar@mcellbox=\box66
\extrarowheight=\dimen197
\NC@list=\toks29
\extratabsurround=\skip162
\backup@length=\skip163
\ar@cellbox=\box67
)
(c:/Users/gunther_vanryckegem/AppData/Roaming/TinyTeX/texmf-dist/tex/latex/wrap
fig/wrapfig.sty
\wrapoverhang=\dimen198
\WF@size=\dimen199
\c@WF@wrappedlines=\count359
\WF@box=\box68
\WF@everypar=\toks30
Package: wrapfig 2003/01/31  v 3.6
)
(c:/Users/gunther_vanryckegem/AppData/Roaming/TinyTeX/texmf-dist/tex/latex/floa
t/float.sty
Package: float 2001/11/08 v1.3d Float enhancements (AL)
\c@float@type=\count360
\float@exts=\toks31
\float@box=\box69
\@float@everytoks=\toks32
\@floatcapt=\box70
)
(c:/Users/gunther_vanryckegem/AppData/Roaming/TinyTeX/texmf-dist/tex/latex/colo
rtbl/colortbl.sty
Package: colortbl 2020/01/04 v1.0e Color table columns (DPC)
\everycr=\toks33
\minrowclearance=\skip164
)
(c:/Users/gunther_vanryckegem/AppData/Roaming/TinyTeX/texmf-dist/tex/latex/pdfl
scape/pdflscape.sty
Package: pdflscape 2019/12/05 v0.12 Display of landscape pages in PDF (HO)
Package pdflscape Info: Auto-detected driver: dvipdfm (xetex) on input line 98.

)
(c:/Users/gunther_vanryckegem/AppData/Roaming/TinyTeX/texmf-dist/tex/latex/tabu
/tabu.sty
Package: tabu 2019/01/11 v2.9 - flexible LaTeX tabulars (FC+tabu-fixed)

(c:/Users/gunther_vanryckegem/AppData/Roaming/TinyTeX/texmf-dist/tex/latex/varw
idth/varwidth.sty
Package: varwidth 2009/03/30 ver 0.92;  Variable-width minipages
\@vwid@box=\box71
\sift@deathcycles=\count361
\@vwid@loff=\dimen256
\@vwid@roff=\dimen257
)
\c@taburow=\count362
\tabu@nbcols=\count363
\tabu@cnt=\count364
\tabu@Xcol=\count365
\tabu@alloc=\count366
\tabu@nested=\count367
\tabu@target=\dimen258
\tabu@spreadtarget=\dimen259
\tabu@naturalX=\dimen260
\tabucolX=\dimen261
\tabu@Xsum=\dimen262
\extrarowdepth=\dimen263
\abovetabulinesep=\dimen264
\belowtabulinesep=\dimen265
\tabustrutrule=\dimen266
\tabu@thebody=\toks34
\tabu@footnotes=\toks35
\tabu@box=\box72
\tabu@arstrutbox=\box73
\tabu@hleads=\box74
\tabu@vleads=\box75
\tabu@cellskip=\skip165
)
(c:/Users/gunther_vanryckegem/AppData/Roaming/TinyTeX/texmf-dist/tex/latex/thre
eparttable/threeparttable.sty
Package: threeparttable 2003/06/13  v 3.0
\@tempboxb=\box76
)
(c:/Users/gunther_vanryckegem/AppData/Roaming/TinyTeX/texmf-dist/tex/latex/thre
eparttablex/threeparttablex.sty
Package: threeparttablex 2013/07/23 v0.3 by daleif

(c:/Users/gunther_vanryckegem/AppData/Roaming/TinyTeX/texmf-dist/tex/latex/envi
ron/environ.sty
Package: environ 2014/05/04 v0.3 A new way to define environments

(c:/Users/gunther_vanryckegem/AppData/Roaming/TinyTeX/texmf-dist/tex/latex/trim
spaces/trimspaces.sty
Package: trimspaces 2009/09/17 v1.1 Trim spaces around a token list
))
\TPTL@width=\skip166
))
(c:/Users/gunther_vanryckegem/AppData/Roaming/TinyTeX/texmf-dist/tex/latex/make
cell/makecell.sty
Package: makecell 2009/08/03 V0.1e Managing of Tab Column Heads and Cells
\rotheadsize=\dimen267
\c@nlinenum=\count368
\TeXr@lab=\toks36
)
(c:/Users/gunther_vanryckegem/AppData/Roaming/TinyTeX/texmf-dist/tex/latex/foot
misc/footmisc.sty
Package: footmisc 2011/06/06 v5.5b a miscellany of footnote facilities
\FN@temptoken=\toks37
\footnotemargin=\dimen268
\c@pp@next@reset=\count369
Package footmisc Info: Declaring symbol style bringhurst on input line 855.
Package footmisc Info: Declaring symbol style chicago on input line 863.
Package footmisc Info: Declaring symbol style wiley on input line 872.
Package footmisc Info: Declaring symbol style lamport-robust on input line 883.

Package footmisc Info: Declaring symbol style lamport* on input line 903.
Package footmisc Info: Declaring symbol style lamport*-robust on input line 924
.
)
(c:/Users/gunther_vanryckegem/AppData/Roaming/TinyTeX/texmf-dist/tex/latex/tocl
oft/tocloft.sty
Package: tocloft 2017/08/31 v2.3i parameterised ToC, etc., typesetting
Package tocloft Info: The document has chapter divisions on input line 51.
\cftparskip=\skip167
\cftbeforetoctitleskip=\skip168
\cftaftertoctitleskip=\skip169
\cftbeforepartskip=\skip170
\cftpartnumwidth=\skip171
\cftpartindent=\skip172
\cftbeforechapskip=\skip173
\cftchapindent=\skip174
\cftchapnumwidth=\skip175
\cftbeforesecskip=\skip176
\cftsecindent=\skip177
\cftsecnumwidth=\skip178
\cftbeforesubsecskip=\skip179
\cftsubsecindent=\skip180
\cftsubsecnumwidth=\skip181
\cftbeforesubsubsecskip=\skip182
\cftsubsubsecindent=\skip183
\cftsubsubsecnumwidth=\skip184
\cftbeforeparaskip=\skip185
\cftparaindent=\skip186
\cftparanumwidth=\skip187
\cftbeforesubparaskip=\skip188
\cftsubparaindent=\skip189
\cftsubparanumwidth=\skip190
\cftbeforeloftitleskip=\skip191
\cftafterloftitleskip=\skip192
\cftbeforefigskip=\skip193
\cftfigindent=\skip194
\cftfignumwidth=\skip195
\c@lofdepth=\count370
\c@lotdepth=\count371
\cftbeforelottitleskip=\skip196
\cftafterlottitleskip=\skip197
\cftbeforetabskip=\skip198
\cfttabindent=\skip199
\cfttabnumwidth=\skip256
)
(c:/Users/gunther_vanryckegem/AppData/Roaming/TinyTeX/texmf-dist/tex/latex/titl
esec/titlesec.sty
Package: titlesec 2021/07/05 v2.14 Sectioning titles
\ttl@box=\box77
\beforetitleunit=\skip257
\aftertitleunit=\skip258
\ttl@plus=\dimen269
\ttl@minus=\dimen270
\ttl@toksa=\toks38
\titlewidth=\dimen271
\titlewidthlast=\dimen272
\titlewidthfirst=\dimen273
)
(c:/Users/gunther_vanryckegem/AppData/Roaming/TinyTeX/texmf-dist/tex/generic/ul
em/ulem.sty
\UL@box=\box78
\UL@hyphenbox=\box79
\UL@skip=\skip259
\UL@hook=\toks39
\UL@height=\dimen274
\UL@pe=\count372
\UL@pixel=\dimen275
\ULC@box=\box80
Package: ulem 2019/11/18
\ULdepth=\dimen276
)
\c@ttlp@side=\count373
\ttlp@side=\count374

(c:/Users/gunther_vanryckegem/AppData/Roaming/TinyTeX/texmf-dist/tex/latex/last
page/lastpage.sty
Package: lastpage 2015/03/29 v1.2m Refers to last page's name (HMM; JPG)
)
(c:/Users/gunther_vanryckegem/AppData/Roaming/TinyTeX/texmf-dist/tex/latex/fanc
yhdr/fancyhdr.sty
Package: fancyhdr 2021/01/28 v4.0.1 Extensive control of page headers and foote
rs
\f@nch@headwidth=\skip260
\f@nch@O@elh=\skip261
\f@nch@O@erh=\skip262
\f@nch@O@olh=\skip263
\f@nch@O@orh=\skip264
\f@nch@O@elf=\skip265
\f@nch@O@erf=\skip266
\f@nch@O@olf=\skip267
\f@nch@O@orf=\skip268
)
(c:/Users/gunther_vanryckegem/AppData/Roaming/TinyTeX/texmf-dist/tex/latex/empt
ypage/emptypage.sty
Package: emptypage 2010/05/30 v1.2 Suppress page numbers and headings on empty 
pages
)
(c:/Users/gunther_vanryckegem/AppData/Roaming/TinyTeX/texmf-dist/tex/latex/plac
eins/placeins.sty
Package: placeins 2005/04/18  v 2.2
)
(c:/Users/gunther_vanryckegem/AppData/Roaming/TinyTeX/texmf-dist/tex/latex/pars
kip/parskip.sty
Package: parskip 2021-03-14 v2.0h non-zero parskip adjustments
))
(c:/Users/gunther_vanryckegem/AppData/Roaming/TinyTeX/texmf-dist/tex/latex/pdfp
ages/pdfpages.sty
Package: pdfpages 2021/03/06 v0.5t Insert pages of external PDF documents (AM)

(c:/Users/gunther_vanryckegem/AppData/Roaming/TinyTeX/texmf-dist/tex/latex/eso-
pic/eso-pic.sty
Package: eso-pic 2020/10/14 v3.0a eso-pic (RN)
\ESO@tempdima=\dimen277
\ESO@tempdimb=\dimen278
)
\AM@pagewidth=\dimen279
\AM@pageheight=\dimen280
\AM@fboxrule=\dimen281

(c:/Users/gunther_vanryckegem/AppData/Roaming/TinyTeX/texmf-dist/tex/latex/pdfp
ages/ppxetex.def
File: ppxetex.def 2021/03/06 v0.5t Pdfpages driver for XeTeX (AM)
)
\pdfpages@includegraphics@status=\count375
\AM@pagebox=\box81
\AM@global@opts=\toks40
\AM@pagecnt=\count376
\AM@toc@title=\toks41
\c@AM@survey=\count377
\AM@templatesizebox=\box82
) (c:/R/library/INBOmd/local_tex/tex/latex/inbogeneric_2015/inbocolours_2015.st
y
Package: inbocolours_2015 

(c:/Users/gunther_vanryckegem/AppData/Roaming/TinyTeX/texmf-dist/tex/latex/xcol
or/xcolor.sty
Package: xcolor 2016/05/11 v2.12 LaTeX color extensions (UK)

(c:/Users/gunther_vanryckegem/AppData/Roaming/TinyTeX/texmf-dist/tex/latex/grap
hics-cfg/color.cfg
File: color.cfg 2016/01/02 v1.6 sample color configuration
)
Package xcolor Info: Driver file: xetex.def on input line 225.
LaTeX Info: Redefining \color on input line 709.
Package xcolor Info: Model `cmy' substituted by `cmy0' on input line 1348.
Package xcolor Info: Model `RGB' extended on input line 1364.
Package xcolor Info: Model `HTML' substituted by `rgb' on input line 1366.
Package xcolor Info: Model `Hsb' substituted by `hsb' on input line 1367.
Package xcolor Info: Model `tHsb' substituted by `hsb' on input line 1368.
Package xcolor Info: Model `HSB' substituted by `hsb' on input line 1369.
Package xcolor Info: Model `Gray' substituted by `gray' on input line 1370.
Package xcolor Info: Model `wave' substituted by `hsb' on input line 1371.
))) (./010_Inleiding.aux)
\openout1 = `010_Inleiding.aux'.

LaTeX Font Info:    Checking defaults for OML/cmm/m/it on input line 57.
LaTeX Font Info:    ... okay on input line 57.
LaTeX Font Info:    Checking defaults for OMS/cmsy/m/n on input line 57.
LaTeX Font Info:    ... okay on input line 57.
LaTeX Font Info:    Checking defaults for OT1/cmr/m/n on input line 57.
LaTeX Font Info:    ... okay on input line 57.
LaTeX Font Info:    Checking defaults for T1/cmr/m/n on input line 57.
LaTeX Font Info:    ... okay on input line 57.
LaTeX Font Info:    Checking defaults for TS1/cmr/m/n on input line 57.
LaTeX Font Info:    Trying to load font information for TS1+cmr on input line 5
7.

(c:/Users/gunther_vanryckegem/AppData/Roaming/TinyTeX/texmf-dist/tex/latex/base
/ts1cmr.fd
File: ts1cmr.fd 2019/12/16 v2.5j Standard LaTeX font definitions
)
LaTeX Font Info:    ... okay on input line 57.
LaTeX Font Info:    Checking defaults for TU/lmr/m/n on input line 57.
LaTeX Font Info:    ... okay on input line 57.
LaTeX Font Info:    Checking defaults for OMX/cmex/m/n on input line 57.
LaTeX Font Info:    ... okay on input line 57.
LaTeX Font Info:    Checking defaults for U/cmr/m/n on input line 57.
LaTeX Font Info:    ... okay on input line 57.
LaTeX Font Info:    Checking defaults for PD1/pdf/m/n on input line 57.
LaTeX Font Info:    ... okay on input line 57.
LaTeX Font Info:    Checking defaults for PU/pdf/m/n on input line 57.
LaTeX Font Info:    ... okay on input line 57.
*geometry* driver: auto-detecting
*geometry* detected driver: xetex
*geometry* verbose mode - [ preamble ] result:
* driver: xetex
* paper: a4paper
* layout: <same size as paper>
* layoutoffset:(h,v)=(0.0pt,0.0pt)
* modes: twoside 
* h-part:(L,W,R)=(85.35826pt, 426.79135pt, 85.35826pt)
* v-part:(T,H,B)=(56.9055pt, 717.00946pt, 71.13188pt)
* \paperwidth=597.50787pt
* \paperheight=845.04684pt
* \textwidth=426.79135pt
* \textheight=717.00946pt
* \oddsidemargin=13.08827pt
* \evensidemargin=13.08827pt
* \topmargin=-52.36449pt
* \headheight=12.0pt
* \headsep=25.0pt
* \topskip=10.0pt
* \footskip=28.45274pt
* \marginparwidth=121.0pt
* \marginparsep=11.0pt
* \columnsep=10.0pt
* \skip\footins=28.45274pt
* \hoffset=0.0pt
* \voffset=0.0pt
* \mag=1000
* \@twocolumnfalse
* \@twosidetrue
* \@mparswitchtrue
* \@reversemarginfalse
* (1in=72.27pt=25.4mm, 1cm=28.453pt)

Package hyperref Info: Link coloring ON on input line 57.

(c:/Users/gunther_vanryckegem/AppData/Roaming/TinyTeX/texmf-dist/tex/latex/hype
rref/nameref.sty
Package: nameref 2021-04-02 v2.47 Cross-referencing by name of section

(c:/Users/gunther_vanryckegem/AppData/Roaming/TinyTeX/texmf-dist/tex/latex/refc
ount/refcount.sty
Package: refcount 2019/12/15 v3.6 Data extraction from label references (HO)
)
(c:/Users/gunther_vanryckegem/AppData/Roaming/TinyTeX/texmf-dist/tex/generic/ge
ttitlestring/gettitlestring.sty
Package: gettitlestring 2019/12/15 v1.6 Cleanup title references (HO)
)
\c@section@level=\count378
)
LaTeX Info: Redefining \ref on input line 57.
LaTeX Info: Redefining \pageref on input line 57.
LaTeX Info: Redefining \nameref on input line 57.
(./010_Inleiding.out) (./010_Inleiding.out)
\@outlinefile=\write4
\openout4 = `010_Inleiding.out'.

LaTeX Info: Redefining \dots on input line 57.
LaTeX Info: Redefining \up on input line 57.
Package lastpage Info: Please have a look at the pageslts package at
(lastpage)             https://www.ctan.org/pkg/pageslts
(lastpage)             ! on input line 57.
File: logo_nl_verticaal_kleur.pdf Graphic file (type pdf)
<use logo_nl_verticaal_kleur.pdf>

Package fontspec Info: Font family 'FlandersArtSans-Regular.otf(1)' created
(fontspec)             for font 'FlandersArtSans-Regular.otf' with options
(fontspec)             [Ligatures=TeX,Ligatures = TeX,ItalicFont =
(fontspec)             FlandersArtSans-Italic,BoldFont =
(fontspec)             FlandersArtSans-Bold,BoldItalicFont =
(fontspec)             FlandersArtSans-BoldItalic,LetterSpace=0.014].
(fontspec)              
(fontspec)              This font family consists of the following NFSS
(fontspec)             series/shapes:
(fontspec)              
(fontspec)             - 'normal' (m/n) with NFSS spec.:
(fontspec)             <->"[FlandersArtSans-Regular.otf]/OT:script=latn;languag
e=dflt;letterspace=0.014;mapping=tex-text;"
(fontspec)             - 'small caps'  (m/sc) with NFSS spec.: 
(fontspec)             - 'bold' (b/n) with NFSS spec.:
(fontspec)             <->"[FlandersArtSans-Bold.otf]/OT:script=latn;language=d
flt;letterspace=0.014;mapping=tex-text;"
(fontspec)             - 'bold small caps'  (b/sc) with NFSS spec.: 
(fontspec)             - 'italic' (m/it) with NFSS spec.:
(fontspec)             <->"[FlandersArtSans-Italic.otf]/OT:script=latn;language
=dflt;letterspace=0.014;mapping=tex-text;"
(fontspec)             - 'italic small caps'  (m/scit) with NFSS spec.: 
(fontspec)             - 'bold italic' (b/it) with NFSS spec.:
(fontspec)             <->"[FlandersArtSans-BoldItalic.otf]/OT:script=latn;lang
uage=dflt;letterspace=0.014;mapping=tex-text;"
(fontspec)             - 'bold italic small caps'  (b/scit) with NFSS spec.: 


Package fontspec Info: Font family 'FlandersArtSans-Regular.otf(2)' created
(fontspec)             for font 'FlandersArtSans-Regular.otf' with options
(fontspec)             [Ligatures=TeX,Ligatures = TeX,ItalicFont =
(fontspec)             FlandersArtSans-Italic,BoldFont =
(fontspec)             FlandersArtSans-Bold,BoldItalicFont =
(fontspec)             FlandersArtSans-BoldItalic,LetterSpace=0.014,LetterSpace
=0.0].
(fontspec)              
(fontspec)              This font family consists of the following NFSS
(fontspec)             series/shapes:
(fontspec)              
(fontspec)             - 'normal' (m/n) with NFSS spec.:
(fontspec)             <->"[FlandersArtSans-Regular.otf]/OT:script=latn;languag
e=dflt;letterspace=0.014;letterspace=0.0;mapping=tex-text;"
(fontspec)             - 'small caps'  (m/sc) with NFSS spec.: 
(fontspec)             - 'bold' (b/n) with NFSS spec.:
(fontspec)             <->"[FlandersArtSans-Bold.otf]/OT:script=latn;language=d
flt;letterspace=0.014;letterspace=0.0;mapping=tex-text;"
(fontspec)             - 'bold small caps'  (b/sc) with NFSS spec.: 
(fontspec)             - 'italic' (m/it) with NFSS spec.:
(fontspec)             <->"[FlandersArtSans-Italic.otf]/OT:script=latn;language
=dflt;letterspace=0.014;letterspace=0.0;mapping=tex-text;"
(fontspec)             - 'italic small caps'  (m/scit) with NFSS spec.: 
(fontspec)             - 'bold italic' (b/it) with NFSS spec.:
(fontspec)             <->"[FlandersArtSans-BoldItalic.otf]/OT:script=latn;lang
uage=dflt;letterspace=0.014;letterspace=0.0;mapping=tex-text;"
(fontspec)             - 'bold italic small caps'  (b/scit) with NFSS spec.: 

File: vlaanderen_nl_naakt.pdf Graphic file (type pdf)
<use vlaanderen_nl_naakt.pdf>
[1

] (./010_Inleiding.toc
LaTeX Font Info:    Calculating math sizes for size <11> on input line 2.

LaTeX Font Warning: Font shape `OT1/cmr/m/n' in size <5.5> not available
(Font)              size <5> substituted on input line 2.


LaTeX Font Warning: Font shape `OML/cmm/m/it' in size <5.5> not available
(Font)              size <5> substituted on input line 2.


LaTeX Font Warning: Font shape `OMS/cmsy/m/n' in size <5.5> not available
(Font)              size <5> substituted on input line 2.

)
\tf@toc=\write5
\openout5 = `010_Inleiding.toc'.

[1


]

Package marginnote Warning: Consecutive odd pages found.
(marginnote)                Note, it is not recommended to use consecutive
(marginnote)                odd pages in a double-ended document.
(marginnote)                The pages of your document should always
(marginnote)                be a sequence: odd-even-odd-even-...
(marginnote)                Maybe you've forgotten a \cleardoublepage before
(marginnote)                changing the page numbering on page 1.

Package marginnote Info: Using workaround for absolute page number on input lin
e 71.
(./010_Inleiding.lof)
\tf@lof=\write6
\openout6 = `010_Inleiding.lof'.

(./010_Inleiding.lot)
\tf@lot=\write7
\openout7 = `010_Inleiding.lot'.

[2

] [3


]
Missing character: There is no ² (U+00B2) in font [FlandersArtSans-Regular.otf]
/OT:script=latn;language=dflt;mapping=tex-text;!
[4

] [5]
Hoofdstuk 1.
LaTeX Font Info:    Calculating math sizes for size <15> on input line 232.

LaTeX Font Warning: Font shape `OT1/cmr/m/n' in size <15> not available
(Font)              size <14.4> substituted on input line 232.


LaTeX Font Warning: Font shape `OT1/cmr/m/n' in size <10.49995> not available
(Font)              size <10.95> substituted on input line 232.


LaTeX Font Warning: Font shape `OT1/cmr/m/n' in size <7.5> not available
(Font)              size <7> substituted on input line 232.


LaTeX Font Warning: Font shape `OML/cmm/m/it' in size <15> not available
(Font)              size <14.4> substituted on input line 232.


LaTeX Font Warning: Font shape `OML/cmm/m/it' in size <10.49995> not available
(Font)              size <10.95> substituted on input line 232.


LaTeX Font Warning: Font shape `OML/cmm/m/it' in size <7.5> not available
(Font)              size <7> substituted on input line 232.


LaTeX Font Warning: Font shape `OMS/cmsy/m/n' in size <15> not available
(Font)              size <14.4> substituted on input line 232.


LaTeX Font Warning: Font shape `OMS/cmsy/m/n' in size <10.49995> not available
(Font)              size <10.95> substituted on input line 232.


LaTeX Font Warning: Font shape `OMS/cmsy/m/n' in size <7.5> not available
(Font)              size <7> substituted on input line 232.


LaTeX Font Warning: Font shape `OMX/cmex/m/n' in size <15> not available
(Font)              size <14.4> substituted on input line 232.


LaTeX Font Warning: Font shape `OMX/cmex/m/n' in size <10.49995> not available
(Font)              size <10.95> substituted on input line 232.


Overfull \hbox (6.44339pt too wide) in paragraph at lines 232--232
[]|[]\TU/FlandersArtSans-Regular.otf(0)/m/n/15 Getijdenetes[]|  
 []

File: G:/Mijn Drive/PRJ_SCHELDE/VNSC/Rapportage_INBO/2021/010_inleiding/figuren
/010_Kaderrichtlijn_water_waterlichamen.jpg Graphic file (type bmp)
<G:/Mijn Drive/PRJ_SCHELDE/VNSC/Rapportage_INBO/2021/010_inleiding/figuren/010_
Kaderrichtlijn_water_waterlichamen.jpg>
[6

] [7]
Hoofdstuk 2.
[8

]
No file 010_Inleiding.bbl.

AED: lastpage setting LastPage
(./010_Inleiding.aux)

LaTeX Font Warning: Size substitutions with differences
(Font)              up to 0.6pt have occurred.

Package rerunfilecheck Info: File `010_Inleiding.out' has not changed.
(rerunfilecheck)             Checksum: 0DF14067D036E052017E7A2FE2296E97;809.
 ) 
Here is how much of TeX's memory you used:
 19551 strings out of 478384
 362861 string characters out of 5853842
 817238 words of memory out of 5000000
 39468 multiletter control sequences out of 15000+600000
 408492 words of font info for 79 fonts, out of 8000000 for 9000
 54 hyphenation exceptions out of 8191
 103i,19n,109p,1452b,514s stack positions out of 5000i,500n,10000p,200000b,80000s

Output written on 010_Inleiding.pdf (9 pages).
