\BOOKMARK [0][-]{section*.1}{\376\377\000I\000n\000h\000o\000u\000d\000s\000o\000p\000g\000a\000v\000e}{}% 1
\BOOKMARK [0][-]{section*.2}{\376\377\000L\001\063\000s\000t\000\040\000v\000a\000n\000\040\000f\000i\000g\000u\000r\000e\000n}{}% 2
\BOOKMARK [0][-]{section*.3}{\376\377\000L\001\063\000s\000t\000\040\000v\000a\000n\000\040\000t\000a\000b\000e\000l\000l\000e\000n}{}% 3
\BOOKMARK [0][-]{chapter.1}{\376\377\000M\000a\000c\000r\000o\000z\000o\000\366\000b\000e\000n\000t\000h\000o\000s}{}% 4
\BOOKMARK [1][-]{section.1.1}{\376\377\000I\000n\000l\000e\000i\000d\000i\000n\000g}{chapter.1}% 5
\BOOKMARK [1][-]{section.1.2}{\376\377\000M\000a\000t\000e\000r\000i\000a\000a\000l\000\040\000e\000n\000\040\000m\000e\000t\000h\000o\000d\000e}{chapter.1}% 6
\BOOKMARK [2][-]{subsection.1.2.1}{\376\377\000S\000t\000r\000a\000t\000e\000g\000i\000e}{section.1.2}% 7
\BOOKMARK [2][-]{subsection.1.2.2}{\376\377\000S\000t\000a\000a\000l\000n\000a\000m\000e}{section.1.2}% 8
\BOOKMARK [2][-]{subsection.1.2.3}{\376\377\000V\000e\000r\000w\000e\000r\000k\000i\000n\000g}{section.1.2}% 9
\BOOKMARK [1][-]{section.1.3}{\376\377\000R\000e\000s\000u\000l\000t\000a\000t\000e\000n}{chapter.1}% 10
\BOOKMARK [2][-]{subsection.1.3.1}{\376\377\000R\000e\000s\000u\000l\000t\000a\000t\000e\000n\000\040\000m\000a\000c\000r\000o\000z\000o\000\366\000b\000e\000n\000t\000h\000o\000s\000\040\0002\0000\0002\0000}{section.1.3}% 11
\BOOKMARK [3][-]{subsubsection.1.3.1.1}{\376\377\000D\000e\000n\000s\000i\000t\000e\000i\000t\000\040\000e\000n\000\040\000b\000i\000o\000m\000a\000s\000s\000a}{subsection.1.3.1}% 12
\BOOKMARK [3][-]{subsubsection.1.3.1.2}{\376\377\000S\000o\000o\000r\000t\000e\000n\000r\000i\000j\000k\000d\000o\000m}{subsection.1.3.1}% 13
\BOOKMARK [3][-]{subsubsection.1.3.1.3}{\376\377\000S\000o\000o\000r\000t\000e\000n\000d\000i\000v\000e\000r\000s\000i\000t\000e\000i\000t\000\040\000S\000h\000a\000n\000n\000o\000n\000-\000i\000n\000d\000e\000x}{subsection.1.3.1}% 14
\BOOKMARK [1][-]{section.1.4}{\376\377\000A\000l\000g\000e\000m\000e\000n\000e\000\040\000c\000o\000n\000c\000l\000u\000s\000i\000e}{chapter.1}% 15
\BOOKMARK [1][-]{section.1.5}{\376\377\000R\000e\000f\000e\000r\000e\000n\000t\000i\000e\000s}{chapter.1}% 16
\BOOKMARK [0][-]{chapter.2}{\376\377\000H\000y\000p\000e\000r\000b\000e\000n\000t\000h\000o\000s}{}% 17
\BOOKMARK [1][-]{section.2.1}{\376\377\000I\000n\000l\000e\000i\000d\000i\000n\000g}{chapter.2}% 18
\BOOKMARK [1][-]{section.2.2}{\376\377\000M\000a\000t\000e\000r\000i\000a\000a\000l\000\040\000e\000n\000\040\000m\000e\000t\000h\000o\000d\000e}{chapter.2}% 19
\BOOKMARK [2][-]{subsection.2.2.1}{\376\377\000S\000t\000r\000a\000t\000e\000g\000i\000e}{section.2.2}% 20
\BOOKMARK [2][-]{subsection.2.2.2}{\376\377\000S\000t\000a\000a\000l\000n\000a\000m\000e}{section.2.2}% 21
\BOOKMARK [2][-]{subsection.2.2.3}{\376\377\000V\000e\000r\000w\000e\000r\000k\000i\000n\000g}{section.2.2}% 22
\BOOKMARK [1][-]{section.2.3}{\376\377\000R\000e\000s\000u\000l\000t\000a\000t\000e\000n\000:\000\040\000d\000a\000t\000a\000-\000a\000n\000a\000l\000y\000s\000e\000\040\000h\000y\000p\000e\000r\000b\000e\000n\000t\000h\000o\000s}{chapter.2}% 23
\BOOKMARK [2][-]{subsection.2.3.1}{\376\377\000D\000e\000n\000s\000i\000t\000e\000i\000t\000e\000n}{section.2.3}% 24
\BOOKMARK [2][-]{subsection.2.3.2}{\376\377\000B\000i\000o\000m\000a\000s\000s\000a}{section.2.3}% 25
\BOOKMARK [3][-]{subsubsection.2.3.2.1}{\376\377\000S\000o\000o\000r\000t\000e\000n\000r\000i\000j\000k\000d\000o\000m}{subsection.2.3.2}% 26
\BOOKMARK [3][-]{subsubsection.2.3.2.2}{\376\377\000S\000o\000o\000r\000t\000e\000n\000d\000i\000v\000e\000r\000s\000i\000t\000e\000i\000t\000\040\000S\000h\000a\000n\000n\000o\000n\000-\000i\000n\000d\000e\000x}{subsection.2.3.2}% 27
\BOOKMARK [1][-]{section.2.4}{\376\377\000A\000l\000g\000e\000m\000e\000n\000e\000\040\000c\000o\000n\000c\000l\000u\000s\000i\000e}{chapter.2}% 28
\BOOKMARK [1][-]{section.2.5}{\376\377\000R\000e\000f\000e\000r\000e\000n\000t\000i\000e\000s}{chapter.2}% 29
